[2015-11-03 14:01:38] local.ERROR: exception 'PDOException' with message 'SQLSTATE[42S02]: Base table or view not found: 1146 Table 'yunxmall.cyc_users' doesn't exist' in /Users/mick/www/svnserve/repo/project/courseyoucan/vendor/laravel/framework/src/Illuminate/Database/Connection.php:310
Stack trace:
#0 /Users/mick/www/svnserve/repo/project/courseyoucan/vendor/laravel/framework/src/Illuminate/Database/Connection.php(310): PDO->prepare('select * from `...')
#1 /Users/mick/www/svnserve/repo/project/courseyoucan/vendor/laravel/framework/src/Illuminate/Database/Connection.php(629): Illuminate\Database\Connection->Illuminate\Database\{closure}(Object(Illuminate\Database\MySqlConnection), 'select * from `...', Array)
#2 /Users/mick/www/svnserve/repo/project/courseyoucan/vendor/laravel/framework/src/Illuminate/Database/Connection.php(596): Illuminate\Database\Connection->runQueryCallback('select * from `...', Array, Object(Closure))
#3 /Users/mick/www/svnserve/repo/project/courseyoucan/vendor/laravel/framework/src/Illuminate/Database/Connection.php(315): Illuminate\Database\Connection->run('select * from `...', Array, Object(Closure))
#4 /Users/mick/www/svnserve/repo/project/courseyoucan/vendor/laravel/framework/src/Illuminate/Database/Query/Builder.php(1389): Illuminate\Database\Connection->select('select * from `...', Array, true)
#5 /Users/mick/www/svnserve/repo/project/courseyoucan/vendor/laravel/framework/src/Illuminate/Database/Query/Builder.php(1379): Illuminate\Database\Query\Builder->runSelect()
#6 /Users/mick/www/svnserve/repo/project/courseyoucan/vendor/laravel/framework/src/Illuminate/Database/Query/Builder.php(1364): Illuminate\Database\Query\Builder->getFresh(Array)
#7 /Users/mick/www/svnserve/repo/project/courseyoucan/vendor/laravel/framework/src/Illuminate/Database/Eloquent/Builder.php(409): Illuminate\Database\Query\Builder->get(Array)
#8 /Users/mick/www/svnserve/repo/project/courseyoucan/vendor/laravel/framework/src/Illuminate/Database/Eloquent/Builder.php(168): Illuminate\Database\Eloquent\Builder->getModels(Array)
#9 /Users/mick/www/svnserve/repo/project/courseyoucan/vendor/laravel/framework/src/Illuminate/Database/Eloquent/Builder.php(140): Illuminate\Database\Eloquent\Builder->get(Array)
#10 /Users/mick/www/svnserve/repo/project/courseyoucan/vendor/laravel/framework/src/Illuminate/Auth/EloquentUserProvider.php(100): Illuminate\Database\Eloquent\Builder->first()
#11 /Users/mick/www/svnserve/repo/project/courseyoucan/vendor/laravel/framework/src/Illuminate/Auth/Guard.php(365): Illuminate\Auth\EloquentUserProvider->retrieveByCredentials(Array)
#12 [internal function]: Illuminate\Auth\Guard->attempt(Array, NULL)
#13 /Users/mick/www/svnserve/repo/project/courseyoucan/vendor/laravel/framework/src/Illuminate/Support/Manager.php(137): call_user_func_array(Array, Array)
#14 /Users/mick/www/svnserve/repo/project/courseyoucan/vendor/laravel/framework/src/Illuminate/Support/Facades/Facade.php(213): Illuminate\Support\Manager->__call('attempt', Array)
#15 /Users/mick/www/svnserve/repo/project/courseyoucan/vendor/laravel/framework/src/Illuminate/Support/Facades/Facade.php(213): Illuminate\Auth\AuthManager->attempt(Array, NULL)
#16 /Users/mick/www/svnserve/repo/project/courseyoucan/app/Http/Controllers/Admin/UserController.php(37): Illuminate\Support\Facades\Facade::__callStatic('attempt', Array)
#17 /Users/mick/www/svnserve/repo/project/courseyoucan/app/Http/Controllers/Admin/UserController.php(37): Illuminate\Support\Facades\Auth::attempt(Array, NULL)
#18 [internal function]: App\Http\Controllers\Admin\UserController->postLogin(Object(App\Http\Requests\Admin\UserFormRequest))
#19 /Users/mick/www/svnserve/repo/project/courseyoucan/vendor/laravel/framework/src/Illuminate/Routing/Controller.php(256): call_user_func_array(Array, Array)
#20 /Users/mick/www/svnserve/repo/project/courseyoucan/vendor/laravel/framework/src/Illuminate/Routing/ControllerDispatcher.php(164): Illuminate\Routing\Controller->callAction('postLogin', Array)
#21 /Users/mick/www/svnserve/repo/project/courseyoucan/vendor/laravel/framework/src/Illuminate/Routing/ControllerDispatcher.php(112): Illuminate\Routing\ControllerDispatcher->call(Object(App\Http\Controllers\Admin\UserController), Object(Illuminate\Routing\Route), 'postLogin')
#22 [internal function]: Illuminate\Routing\ControllerDispatcher->Illuminate\Routing\{closure}(Object(Illuminate\Http\Request))
#23 /Users/mick/www/svnserve/repo/project/courseyoucan/vendor/laravel/framework/src/Illuminate/Pipeline/Pipeline.php(139): call_user_func(Object(Closure), Object(Illuminate\Http\Request))
#24 [internal function]: Illuminate\Pipeline\Pipeline->Illuminate\Pipeline\{closure}(Object(Illuminate\Http\Request))
#25 /Users/mick/www/svnserve/repo/project/courseyoucan/vendor/laravel/framework/src/Illuminate/Pipeline/Pipeline.php(103): call_user_func(Object(Closure), Object(Illuminate\Http\Request))
#26 /Users/mick/www/svnserve/repo/project/courseyoucan/vendor/laravel/framework/src/Illuminate/Routing/ControllerDispatcher.php(114): Illuminate\Pipeline\Pipeline->then(Object(Closure))
#27 /Users/mick/www/svnserve/repo/project/courseyoucan/vendor/laravel/framework/src/Illuminate/Routing/ControllerDispatcher.php(69): Illuminate\Routing\ControllerDispatcher->callWithinStack(Object(App\Http\Controllers\Admin\UserController), Object(Illuminate\Routing\Route), Object(Illuminate\Http\Request), 'postLogin')
#28 /Users/mick/www/svnserve/repo/project/courseyoucan/vendor/laravel/framework/src/Illuminate/Routing/Route.php(201): Illuminate\Routing\ControllerDispatcher->dispatch(Object(Illuminate\Routing\Route), Object(Illuminate\Http\Request), 'App\\Http\\Contro...', 'postLogin')
#29 /Users/mick/www/svnserve/repo/project/courseyoucan/vendor/laravel/framework/src/Illuminate/Routing/Route.php(134): Illuminate\Routing\Route->runWithCustomDispatcher(Object(Illuminate\Http\Request))
#30 /Users/mick/www/svnserve/repo/project/courseyoucan/vendor/laravel/framework/src/Illuminate/Routing/Router.php(704): Illuminate\Routing\Route->run(Object(Illuminate\Http\Request))
#31 [internal function]: Illuminate\Routing\Router->Illuminate\Routing\{closure}(Object(Illuminate\Http\Request))
#32 /Users/mick/www/svnserve/repo/project/courseyoucan/vendor/laravel/framework/src/Illuminate/Pipeline/Pipeline.php(139): call_user_func(Object(Closure), Object(Illuminate\Http\Request))
#33 [internal function]: Illuminate\Pipeline\Pipeline->Illuminate\Pipeline\{closure}(Object(Illuminate\Http\Request))
#34 /Users/mick/www/svnserve/repo/project/courseyoucan/vendor/laravel/framework/src/Illuminate/Pipeline/Pipeline.php(103): call_user_func(Object(Closure), Object(Illuminate\Http\Request))
#35 /Users/mick/www/svnserve/repo/project/courseyoucan/vendor/laravel/framework/src/Illuminate/Routing/Router.php(706): Illuminate\Pipeline\Pipeline->then(Object(Closure))
#36 /Users/mick/www/svnserve/repo/project/courseyoucan/vendor/laravel/framework/src/Illuminate/Routing/Router.php(671): Illuminate\Routing\Router->runRouteWithinStack(Object(Illuminate\Routing\Route), Object(Illuminate\Http\Request))
#37 /Users/mick/www/svnserve/repo/project/courseyoucan/vendor/laravel/framework/src/Illuminate/Routing/Router.php(631): Illuminate\Routing\Router->dispatchToRoute(Object(Illuminate\Http\Request))
#38 /Users/mick/www/svnserve/repo/project/courseyoucan/vendor/laravel/framework/src/Illuminate/Foundation/Http/Kernel.php(236): Illuminate\Routing\Router->dispatch(Object(Illuminate\Http\Request))
#39 [internal function]: Illuminate\Foundation\Http\Kernel->Illuminate\Foundation\Http\{closure}(Object(Illuminate\Http\Request))
#40 /Users/mick/www/svnserve/repo/project/courseyoucan/vendor/laravel/framework/src/Illuminate/Pipeline/Pipeline.php(139): call_user_func(Object(Closure), Object(Illuminate\Http\Request))
#41 /Users/mick/www/svnserve/repo/project/courseyoucan/vendor/laravel/framework/src/Illuminate/Foundation/Http/Middleware/VerifyCsrfToken.php(50): Illuminate\Pipeline\Pipeline->Illuminate\Pipeline\{closure}(Object(Illuminate\Http\Request))
#42 [internal function]: Illuminate\Foundation\Http\Middleware\VerifyCsrfToken->handle(Object(Illuminate\Http\Request), Object(Closure))
#43 /Users/mick/www/svnserve/repo/project/courseyoucan/vendor/laravel/framework/src/Illuminate/Pipeline/Pipeline.php(124): call_user_func_array(Array, Array)
#44 /Users/mick/www/svnserve/repo/project/courseyoucan/vendor/laravel/framework/src/Illuminate/View/Middleware/ShareErrorsFromSession.php(54): Illuminate\Pipeline\Pipeline->Illuminate\Pipeline\{closure}(Object(Illuminate\Http\Request))
#45 [internal function]: Illuminate\View\Middleware\ShareErrorsFromSession->handle(Object(Illuminate\Http\Request), Object(Closure))
#46 /Users/mick/www/svnserve/repo/project/courseyoucan/vendor/laravel/framework/src/Illuminate/Pipeline/Pipeline.php(124): call_user_func_array(Array, Array)
#47 /Users/mick/www/svnserve/repo/project/courseyoucan/vendor/laravel/framework/src/Illuminate/Session/Middleware/StartSession.php(62): Illuminate\Pipeline\Pipeline->Illuminate\Pipeline\{closure}(Object(Illuminate\Http\Request))
#48 [internal function]: Illuminate\Session\Middleware\StartSession->handle(Object(Illuminate\Http\Request), Object(Closure))
#49 /Users/mick/www/svnserve/repo/project/courseyoucan/vendor/laravel/framework/src/Illuminate/Pipeline/Pipeline.php(124): call_user_func_array(Array, Array)
#50 /Users/mick/www/svnserve/repo/project/courseyoucan/vendor/laravel/framework/src/Illuminate/Cookie/Middleware/AddQueuedCookiesToResponse.php(37): Illuminate\Pipeline\Pipeline->Illuminate\Pipeline\{closure}(Object(Illuminate\Http\Request))
#51 [internal function]: Illuminate\Cookie\Middleware\AddQueuedCookiesToResponse->handle(Object(Illuminate\Http\Request), Object(Closure))
#52 /Users/mick/www/svnserve/repo/project/courseyoucan/vendor/laravel/framework/src/Illuminate/Pipeline/Pipeline.php(124): call_user_func_array(Array, Array)
#53 /Users/mick/www/svnserve/repo/project/courseyoucan/vendor/laravel/framework/src/Illuminate/Cookie/Middleware/EncryptCookies.php(59): Illuminate\Pipeline\Pipeline->Illuminate\Pipeline\{closure}(Object(Illuminate\Http\Request))
#54 [internal function]: Illuminate\Cookie\Middleware\EncryptCookies->handle(Object(Illuminate\Http\Request), Object(Closure))
#55 /Users/mick/www/svnserve/repo/project/courseyoucan/vendor/laravel/framework/src/Illuminate/Pipeline/Pipeline.php(124): call_user_func_array(Array, Array)
#56 /Users/mick/www/svnserve/repo/project/courseyoucan/vendor/laravel/framework/src/Illuminate/Foundation/Http/Middleware/CheckForMaintenanceMode.php(42): Illuminate\Pipeline\Pipeline->Illuminate\Pipeline\{closure}(Object(Illuminate\Http\Request))
#57 [internal function]: Illuminate\Foundation\Http\Middleware\CheckForMaintenanceMode->handle(Object(Illuminate\Http\Request), Object(Closure))
#58 /Users/mick/www/svnserve/repo/project/courseyoucan/vendor/laravel/framework/src/Illuminate/Pipeline/Pipeline.php(124): call_user_func_array(Array, Array)
#59 [internal function]: Illuminate\Pipeline\Pipeline->Illuminate\Pipeline\{closure}(Object(Illuminate\Http\Request))
#60 /Users/mick/www/svnserve/repo/project/courseyoucan/vendor/laravel/framework/src/Illuminate/Pipeline/Pipeline.php(103): call_user_func(Object(Closure), Object(Illuminate\Http\Request))
#61 /Users/mick/www/svnserve/repo/project/courseyoucan/vendor/laravel/framework/src/Illuminate/Foundation/Http/Kernel.php(122): Illuminate\Pipeline\Pipeline->then(Object(Closure))
#62 /Users/mick/www/svnserve/repo/project/courseyoucan/vendor/laravel/framework/src/Illuminate/Foundation/Http/Kernel.php(87): Illuminate\Foundation\Http\Kernel->sendRequestThroughRouter(Object(Illuminate\Http\Request))
#63 /Users/mick/www/svnserve/repo/project/courseyoucan/public/index.php(54): Illuminate\Foundation\Http\Kernel->handle(Object(Illuminate\Http\Request))
#64 {main}

Next exception 'Illuminate\Database\QueryException' with message 'SQLSTATE[42S02]: Base table or view not found: 1146 Table 'yunxmall.cyc_users' doesn't exist (SQL: select * from `cyc_users` where `username` = admin limit 1)' in /Users/mick/www/svnserve/repo/project/courseyoucan/vendor/laravel/framework/src/Illuminate/Database/Connection.php:636
Stack trace:
#0 /Users/mick/www/svnserve/repo/project/courseyoucan/vendor/laravel/framework/src/Illuminate/Database/Connection.php(596): Illuminate\Database\Connection->runQueryCallback('select * from `...', Array, Object(Closure))
#1 /Users/mick/www/svnserve/repo/project/courseyoucan/vendor/laravel/framework/src/Illuminate/Database/Connection.php(315): Illuminate\Database\Connection->run('select * from `...', Array, Object(Closure))
#2 /Users/mick/www/svnserve/repo/project/courseyoucan/vendor/laravel/framework/src/Illuminate/Database/Query/Builder.php(1389): Illuminate\Database\Connection->select('select * from `...', Array, true)
#3 /Users/mick/www/svnserve/repo/project/courseyoucan/vendor/laravel/framework/src/Illuminate/Database/Query/Builder.php(1379): Illuminate\Database\Query\Builder->runSelect()
#4 /Users/mick/www/svnserve/repo/project/courseyoucan/vendor/laravel/framework/src/Illuminate/Database/Query/Builder.php(1364): Illuminate\Database\Query\Builder->getFresh(Array)
#5 /Users/mick/www/svnserve/repo/project/courseyoucan/vendor/laravel/framework/src/Illuminate/Database/Eloquent/Builder.php(409): Illuminate\Database\Query\Builder->get(Array)
#6 /Users/mick/www/svnserve/repo/project/courseyoucan/vendor/laravel/framework/src/Illuminate/Database/Eloquent/Builder.php(168): Illuminate\Database\Eloquent\Builder->getModels(Array)
#7 /Users/mick/www/svnserve/repo/project/courseyoucan/vendor/laravel/framework/src/Illuminate/Database/Eloquent/Builder.php(140): Illuminate\Database\Eloquent\Builder->get(Array)
#8 /Users/mick/www/svnserve/repo/project/courseyoucan/vendor/laravel/framework/src/Illuminate/Auth/EloquentUserProvider.php(100): Illuminate\Database\Eloquent\Builder->first()
#9 /Users/mick/www/svnserve/repo/project/courseyoucan/vendor/laravel/framework/src/Illuminate/Auth/Guard.php(365): Illuminate\Auth\EloquentUserProvider->retrieveByCredentials(Array)
#10 [internal function]: Illuminate\Auth\Guard->attempt(Array, NULL)
#11 /Users/mick/www/svnserve/repo/project/courseyoucan/vendor/laravel/framework/src/Illuminate/Support/Manager.php(137): call_user_func_array(Array, Array)
#12 /Users/mick/www/svnserve/repo/project/courseyoucan/vendor/laravel/framework/src/Illuminate/Support/Facades/Facade.php(213): Illuminate\Support\Manager->__call('attempt', Array)
#13 /Users/mick/www/svnserve/repo/project/courseyoucan/vendor/laravel/framework/src/Illuminate/Support/Facades/Facade.php(213): Illuminate\Auth\AuthManager->attempt(Array, NULL)
#14 /Users/mick/www/svnserve/repo/project/courseyoucan/app/Http/Controllers/Admin/UserController.php(37): Illuminate\Support\Facades\Facade::__callStatic('attempt', Array)
#15 /Users/mick/www/svnserve/repo/project/courseyoucan/app/Http/Controllers/Admin/UserController.php(37): Illuminate\Support\Facades\Auth::attempt(Array, NULL)
#16 [internal function]: App\Http\Controllers\Admin\UserController->postLogin(Object(App\Http\Requests\Admin\UserFormRequest))
#17 /Users/mick/www/svnserve/repo/project/courseyoucan/vendor/laravel/framework/src/Illuminate/Routing/Controller.php(256): call_user_func_array(Array, Array)
#18 /Users/mick/www/svnserve/repo/project/courseyoucan/vendor/laravel/framework/src/Illuminate/Routing/ControllerDispatcher.php(164): Illuminate\Routing\Controller->callAction('postLogin', Array)
#19 /Users/mick/www/svnserve/repo/project/courseyoucan/vendor/laravel/framework/src/Illuminate/Routing/ControllerDispatcher.php(112): Illuminate\Routing\ControllerDispatcher->call(Object(App\Http\Controllers\Admin\UserController), Object(Illuminate\Routing\Route), 'postLogin')
#20 [internal function]: Illuminate\Routing\ControllerDispatcher->Illuminate\Routing\{closure}(Object(Illuminate\Http\Request))
#21 /Users/mick/www/svnserve/repo/project/courseyoucan/vendor/laravel/framework/src/Illuminate/Pipeline/Pipeline.php(139): call_user_func(Object(Closure), Object(Illuminate\Http\Request))
#22 [internal function]: Illuminate\Pipeline\Pipeline->Illuminate\Pipeline\{closure}(Object(Illuminate\Http\Request))
#23 /Users/mick/www/svnserve/repo/project/courseyoucan/vendor/laravel/framework/src/Illuminate/Pipeline/Pipeline.php(103): call_user_func(Object(Closure), Object(Illuminate\Http\Request))
#24 /Users/mick/www/svnserve/repo/project/courseyoucan/vendor/laravel/framework/src/Illuminate/Routing/ControllerDispatcher.php(114): Illuminate\Pipeline\Pipeline->then(Object(Closure))
#25 /Users/mick/www/svnserve/repo/project/courseyoucan/vendor/laravel/framework/src/Illuminate/Routing/ControllerDispatcher.php(69): Illuminate\Routing\ControllerDispatcher->callWithinStack(Object(App\Http\Controllers\Admin\UserController), Object(Illuminate\Routing\Route), Object(Illuminate\Http\Request), 'postLogin')
#26 /Users/mick/www/svnserve/repo/project/courseyoucan/vendor/laravel/framework/src/Illuminate/Routing/Route.php(201): Illuminate\Routing\ControllerDispatcher->dispatch(Object(Illuminate\Routing\Route), Object(Illuminate\Http\Request), 'App\\Http\\Contro...', 'postLogin')
#27 /Users/mick/www/svnserve/repo/project/courseyoucan/vendor/laravel/framework/src/Illuminate/Routing/Route.php(134): Illuminate\Routing\Route->runWithCustomDispatcher(Object(Illuminate\Http\Request))
#28 /Users/mick/www/svnserve/repo/project/courseyoucan/vendor/laravel/framework/src/Illuminate/Routing/Router.php(704): Illuminate\Routing\Route->run(Object(Illuminate\Http\Request))
#29 [internal function]: Illuminate\Routing\Router->Illuminate\Routing\{closure}(Object(Illuminate\Http\Request))
#30 /Users/mick/www/svnserve/repo/project/courseyoucan/vendor/laravel/framework/src/Illuminate/Pipeline/Pipeline.php(139): call_user_func(Object(Closure), Object(Illuminate\Http\Request))
#31 [internal function]: Illuminate\Pipeline\Pipeline->Illuminate\Pipeline\{closure}(Object(Illuminate\Http\Request))
#32 /Users/mick/www/svnserve/repo/project/courseyoucan/vendor/laravel/framework/src/Illuminate/Pipeline/Pipeline.php(103): call_user_func(Object(Closure), Object(Illuminate\Http\Request))
#33 /Users/mick/www/svnserve/repo/project/courseyoucan/vendor/laravel/framework/src/Illuminate/Routing/Router.php(706): Illuminate\Pipeline\Pipeline->then(Object(Closure))
#34 /Users/mick/www/svnserve/repo/project/courseyoucan/vendor/laravel/framework/src/Illuminate/Routing/Router.php(671): Illuminate\Routing\Router->runRouteWithinStack(Object(Illuminate\Routing\Route), Object(Illuminate\Http\Request))
#35 /Users/mick/www/svnserve/repo/project/courseyoucan/vendor/laravel/framework/src/Illuminate/Routing/Router.php(631): Illuminate\Routing\Router->dispatchToRoute(Object(Illuminate\Http\Request))
#36 /Users/mick/www/svnserve/repo/project/courseyoucan/vendor/laravel/framework/src/Illuminate/Foundation/Http/Kernel.php(236): Illuminate\Routing\Router->dispatch(Object(Illuminate\Http\Request))
#37 [internal function]: Illuminate\Foundation\Http\Kernel->Illuminate\Foundation\Http\{closure}(Object(Illuminate\Http\Request))
#38 /Users/mick/www/svnserve/repo/project/courseyoucan/vendor/laravel/framework/src/Illuminate/Pipeline/Pipeline.php(139): call_user_func(Object(Closure), Object(Illuminate\Http\Request))
#39 /Users/mick/www/svnserve/repo/project/courseyoucan/vendor/laravel/framework/src/Illuminate/Foundation/Http/Middleware/VerifyCsrfToken.php(50): Illuminate\Pipeline\Pipeline->Illuminate\Pipeline\{closure}(Object(Illuminate\Http\Request))
#40 [internal function]: Illuminate\Foundation\Http\Middleware\VerifyCsrfToken->handle(Object(Illuminate\Http\Request), Object(Closure))
#41 /Users/mick/www/svnserve/repo/project/courseyoucan/vendor/laravel/framework/src/Illuminate/Pipeline/Pipeline.php(124): call_user_func_array(Array, Array)
#42 /Users/mick/www/svnserve/repo/project/courseyoucan/vendor/laravel/framework/src/Illuminate/View/Middleware/ShareErrorsFromSession.php(54): Illuminate\Pipeline\Pipeline->Illuminate\Pipeline\{closure}(Object(Illuminate\Http\Request))
#43 [internal function]: Illuminate\View\Middleware\ShareErrorsFromSession->handle(Object(Illuminate\Http\Request), Object(Closure))
#44 /Users/mick/www/svnserve/repo/project/courseyoucan/vendor/laravel/framework/src/Illuminate/Pipeline/Pipeline.php(124): call_user_func_array(Array, Array)
#45 /Users/mick/www/svnserve/repo/project/courseyoucan/vendor/laravel/framework/src/Illuminate/Session/Middleware/StartSession.php(62): Illuminate\Pipeline\Pipeline->Illuminate\Pipeline\{closure}(Object(Illuminate\Http\Request))
#46 [internal function]: Illuminate\Session\Middleware\StartSession->handle(Object(Illuminate\Http\Request), Object(Closure))
#47 /Users/mick/www/svnserve/repo/project/courseyoucan/vendor/laravel/framework/src/Illuminate/Pipeline/Pipeline.php(124): call_user_func_array(Array, Array)
#48 /Users/mick/www/svnserve/repo/project/courseyoucan/vendor/laravel/framework/src/Illuminate/Cookie/Middleware/AddQueuedCookiesToResponse.php(37): Illuminate\Pipeline\Pipeline->Illuminate\Pipeline\{closure}(Object(Illuminate\Http\Request))
#49 [internal function]: Illuminate\Cookie\Middleware\AddQueuedCookiesToResponse->handle(Object(Illuminate\Http\Request), Object(Closure))
#50 /Users/mick/www/svnserve/repo/project/courseyoucan/vendor/laravel/framework/src/Illuminate/Pipeline/Pipeline.php(124): call_user_func_array(Array, Array)
#51 /Users/mick/www/svnserve/repo/project/courseyoucan/vendor/laravel/framework/src/Illuminate/Cookie/Middleware/EncryptCookies.php(59): Illuminate\Pipeline\Pipeline->Illuminate\Pipeline\{closure}(Object(Illuminate\Http\Request))
#52 [internal function]: Illuminate\Cookie\Middleware\EncryptCookies->handle(Object(Illuminate\Http\Request), Object(Closure))
#53 /Users/mick/www/svnserve/repo/project/courseyoucan/vendor/laravel/framework/src/Illuminate/Pipeline/Pipeline.php(124): call_user_func_array(Array, Array)
#54 /Users/mick/www/svnserve/repo/project/courseyoucan/vendor/laravel/framework/src/Illuminate/Foundation/Http/Middleware/CheckForMaintenanceMode.php(42): Illuminate\Pipeline\Pipeline->Illuminate\Pipeline\{closure}(Object(Illuminate\Http\Request))
#55 [internal function]: Illuminate\Foundation\Http\Middleware\CheckForMaintenanceMode->handle(Object(Illuminate\Http\Request), Object(Closure))
#56 /Users/mick/www/svnserve/repo/project/courseyoucan/vendor/laravel/framework/src/Illuminate/Pipeline/Pipeline.php(124): call_user_func_array(Array, Array)
#57 [internal function]: Illuminate\Pipeline\Pipeline->Illuminate\Pipeline\{closure}(Object(Illuminate\Http\Request))
#58 /Users/mick/www/svnserve/repo/project/courseyoucan/vendor/laravel/framework/src/Illuminate/Pipeline/Pipeline.php(103): call_user_func(Object(Closure), Object(Illuminate\Http\Request))
#59 /Users/mick/www/svnserve/repo/project/courseyoucan/vendor/laravel/framework/src/Illuminate/Foundation/Http/Kernel.php(122): Illuminate\Pipeline\Pipeline->then(Object(Closure))
#60 /Users/mick/www/svnserve/repo/project/courseyoucan/vendor/laravel/framework/src/Illuminate/Foundation/Http/Kernel.php(87): Illuminate\Foundation\Http\Kernel->sendRequestThroughRouter(Object(Illuminate\Http\Request))
#61 /Users/mick/www/svnserve/repo/project/courseyoucan/public/index.php(54): Illuminate\Foundation\Http\Kernel->handle(Object(Illuminate\Http\Request))
#62 {main}  
